#
# There is insufficient memory for the Java Runtime Environment to continue.
# Native memory allocation (malloc) failed to allocate 1048576 bytes for AllocateHeap
# Possible reasons:
#   The system is out of physical RAM or swap space
#   In 32 bit mode, the process size limit was hit
# Possible solutions:
#   Reduce memory load on the system
#   Increase physical memory or swap space
#   Check if swap backing store is full
#   Use 64 bit Java on a 64 bit OS
#   Decrease Java heap size (-Xmx/-Xms)
#   Decrease number of Java threads
#   Decrease Java thread stack sizes (-Xss)
#   Set larger code cache with -XX:ReservedCodeCacheSize=
# This output file may be truncated or incomplete.
#
#  Out of Memory Error (memory/allocation.inline.hpp:61), pid=4996, tid=0x0000000000001830
#
# JRE version:  (8.0_144-b01) (build )
# Java VM: Java HotSpot(TM) 64-Bit Server VM (25.144-b01 mixed mode windows-amd64 compressed oops)
# Failed to write core dump. Minidumps are not enabled by default on client versions of Windows
#

---------------  T H R E A D  ---------------

Current thread (0x0000000002a4e800):  JavaThread "Unknown thread" [_thread_in_vm, id=6192, stack(0x00000000028e0000,0x00000000029e0000)]

Stack: [0x00000000028e0000,0x00000000029e0000]
[error occurred during error reporting (printing stack bounds), id 0xc0000005]

Native frames: (J=compiled Java code, j=interpreted, Vv=VM code, C=native code)


---------------  P R O C E S S  ---------------

Java Threads: ( => current thread )

Other Threads:

=>0x0000000002a4e800 (exited) JavaThread "Unknown thread" [_thread_in_vm, id=6192, stack(0x00000000028e0000,0x00000000029e0000)]

VM state:not at safepoint (normal execution)

VM Mutex/Monitor currently owned by a thread: None

Heap:
 PSYoungGen      total 18944K, used 327K [0x00000000eb380000, 0x00000000ec880000, 0x0000000100000000)
  eden space 16384K, 2% used [0x00000000eb380000,0x00000000eb3d1ec8,0x00000000ec380000)
  from space 2560K, 0% used [0x00000000ec600000,0x00000000ec600000,0x00000000ec880000)
  to   space 2560K, 0% used [0x00000000ec380000,0x00000000ec380000,0x00000000ec600000)
 ParOldGen       total 44032K, used 0K [0x00000000c1a00000, 0x00000000c4500000, 0x00000000eb380000)
  object space 44032K, 0% used [0x00000000c1a00000,0x00000000c1a00000,0x00000000c4500000)
 Metaspace       used 770K, capacity 4480K, committed 4480K, reserved 1056768K
  class space    used 75K, capacity 384K, committed 384K, reserved 1048576K

Card table byte_map: [0x0000000011f10000,0x0000000012110000] byte_map_base: 0x0000000011903000

Marking Bits: (ParMarkBitMap*) 0x000000006e3dd850
 Begin Bits: [0x0000000012660000, 0x00000000135f8000)
 End Bits:   [0x00000000135f8000, 0x0000000014590000)

Polling page: 0x0000000002590000

CodeCache: size=245760Kb used=328Kb max_used=328Kb free=245431Kb
 bounds [0x0000000002b50000, 0x0000000002dc0000, 0x0000000011b50000]
 total_blobs=58 nmethods=0 adapters=38
 compilation: enabled

Compilation events (0 events):
No events

GC Heap History (0 events):
No events

Deoptimization events (0 events):
No events

Internal exceptions (0 events):
No events

Events (10 events):
Event: 0.060 loading class java/lang/Short
Event: 0.060 loading class java/lang/Short done
Event: 0.060 loading class java/lang/Integer
Event: 0.061 loading class java/lang/Integer done
Event: 0.061 loading class java/lang/Long
Event: 0.061 loading class java/lang/Long done
Event: 0.062 loading class java/lang/NullPointerException
Event: 0.062 loading class java/lang/NullPointerException done
Event: 0.062 loading class java/lang/ArithmeticException
Event: 0.062 loading class java/lang/ArithmeticException done


Dynamic libraries:
0x00007ff7803e0000 - 0x00007ff780417000 	L:\eclipse\eclipse-jee-mars-R-win32-x86_64\eclipse\bin\javaw.exe
0x00007ffeb9700000 - 0x00007ffeb98ad000 	C:\Windows\SYSTEM32\ntdll.dll
0x00007ffeb8fa0000 - 0x00007ffeb90de000 	C:\Windows\system32\KERNEL32.DLL
0x00007ffeb6900000 - 0x00007ffeb6a15000 	C:\Windows\system32\KERNELBASE.dll
0x00007ffeb5430000 - 0x00007ffeb54be000 	C:\Windows\system32\apphelp.dll
0x00007ffeb44d0000 - 0x00007ffeb4523000 	C:\Windows\AppPatch\AppPatch64\AcGenral.DLL
0x00007ffeb7360000 - 0x00007ffeb740a000 	C:\Windows\system32\msvcrt.dll
0x00007ffeb6a20000 - 0x00007ffeb6a4e000 	C:\Windows\system32\SspiCli.dll
0x00007ffeb6d90000 - 0x00007ffeb6de4000 	C:\Windows\system32\SHLWAPI.dll
0x00007ffeb77d0000 - 0x00007ffeb7947000 	C:\Windows\system32\USER32.dll
0x00007ffeb9340000 - 0x00007ffeb94d4000 	C:\Windows\system32\ole32.dll
0x00007ffeb7a10000 - 0x00007ffeb8f39000 	C:\Windows\system32\SHELL32.dll
0x00007ffeb5ee0000 - 0x00007ffeb5f01000 	C:\Windows\SYSTEM32\USERENV.dll
0x00007ffeb9650000 - 0x00007ffeb96fa000 	C:\Windows\system32\ADVAPI32.dll
0x00007ffead0e0000 - 0x00007ffead0fe000 	C:\Windows\SYSTEM32\MPR.dll
0x00007ffeb70d0000 - 0x00007ffeb7210000 	C:\Windows\system32\RPCRT4.dll
0x00007ffeb8f40000 - 0x00007ffeb8f99000 	C:\Windows\SYSTEM32\sechost.dll
0x00007ffeb75b0000 - 0x00007ffeb77c2000 	C:\Windows\SYSTEM32\combase.dll
0x00007ffeb7210000 - 0x00007ffeb735b000 	C:\Windows\system32\GDI32.dll
0x00007ffeb6830000 - 0x00007ffeb6845000 	C:\Windows\SYSTEM32\profapi.dll
0x00007ffeb5370000 - 0x00007ffeb5422000 	C:\Windows\SYSTEM32\SHCORE.dll
0x00007ffeb6df0000 - 0x00007ffeb6e26000 	C:\Windows\system32\IMM32.DLL
0x00007ffeb94e0000 - 0x00007ffeb9631000 	C:\Windows\system32\MSCTF.dll
0x00007ffeb4170000 - 0x00007ffeb43eb000 	C:\Windows\WinSxS\amd64_microsoft.windows.common-controls_6595b64144ccf1df_6.0.9600.18006_none_623f33d3ecbe86e8\COMCTL32.dll
0x000000006e460000 - 0x000000006e532000 	L:\eclipse\eclipse-jee-mars-R-win32-x86_64\eclipse\jre\bin\msvcr100.dll
0x000000006dbc0000 - 0x000000006e45d000 	L:\eclipse\eclipse-jee-mars-R-win32-x86_64\eclipse\jre\bin\server\jvm.dll
0x00007ffeb4a80000 - 0x00007ffeb4a89000 	C:\Windows\SYSTEM32\WSOCK32.dll
0x00007ffeb2680000 - 0x00007ffeb26a2000 	C:\Windows\SYSTEM32\WINMM.dll
0x00007ffeb26b0000 - 0x00007ffeb26ba000 	C:\Windows\SYSTEM32\VERSION.dll
0x00007ffeb90e0000 - 0x00007ffeb90e7000 	C:\Windows\system32\PSAPI.DLL
0x00007ffeb6e30000 - 0x00007ffeb6e8a000 	C:\Windows\system32\WS2_32.dll
0x00007ffeb2640000 - 0x00007ffeb266a000 	C:\Windows\SYSTEM32\WINMMBASE.dll
0x00007ffeb9640000 - 0x00007ffeb9649000 	C:\Windows\system32\NSI.dll
0x00007ffeb6d40000 - 0x00007ffeb6d8f000 	C:\Windows\SYSTEM32\cfgmgr32.dll
0x00007ffeb5620000 - 0x00007ffeb5648000 	C:\Windows\SYSTEM32\DEVOBJ.dll
0x000000006f860000 - 0x000000006f86f000 	L:\eclipse\eclipse-jee-mars-R-win32-x86_64\eclipse\jre\bin\verify.dll
0x000000006db90000 - 0x000000006dbb9000 	L:\eclipse\eclipse-jee-mars-R-win32-x86_64\eclipse\jre\bin\java.dll
0x000000006db70000 - 0x000000006db86000 	L:\eclipse\eclipse-jee-mars-R-win32-x86_64\eclipse\jre\bin\zip.dll

VM Arguments:
jvm_args: -Dfile.encoding=GBK 
java_command: ChatLogin.Login
java_class_path (initial): L:\eclipse\eclipse-jee-mars-R-win32-x86_64\eclipse\jre\lib\resources.jar;L:\eclipse\eclipse-jee-mars-R-win32-x86_64\eclipse\jre\lib\rt.jar;L:\eclipse\eclipse-jee-mars-R-win32-x86_64\eclipse\jre\lib\jsse.jar;L:\eclipse\eclipse-jee-mars-R-win32-x86_64\eclipse\jre\lib\jce.jar;L:\eclipse\eclipse-jee-mars-R-win32-x86_64\eclipse\jre\lib\charsets.jar;L:\eclipse\eclipse-jee-mars-R-win32-x86_64\eclipse\jre\lib\jfr.jar;L:\eclipse\eclipse-jee-mars-R-win32-x86_64\eclipse\jre\lib\ext\access-bridge-64.jar;L:\eclipse\eclipse-jee-mars-R-win32-x86_64\eclipse\jre\lib\ext\cldrdata.jar;L:\eclipse\eclipse-jee-mars-R-win32-x86_64\eclipse\jre\lib\ext\dnsns.jar;L:\eclipse\eclipse-jee-mars-R-win32-x86_64\eclipse\jre\lib\ext\jaccess.jar;L:\eclipse\eclipse-jee-mars-R-win32-x86_64\eclipse\jre\lib\ext\jfxrt.jar;L:\eclipse\eclipse-jee-mars-R-win32-x86_64\eclipse\jre\lib\ext\localedata.jar;L:\eclipse\eclipse-jee-mars-R-win32-x86_64\eclipse\jre\lib\ext\nashorn.jar;L:\eclipse\eclipse-jee-mars-R-win32-x86_64\eclipse\jre\lib\ext\sunec.jar;L:\eclipse\eclipse-jee-mars-R-win32-x86_64\eclipse\jre\lib\ext\sunjce_provider.jar;L:\eclipse\eclipse-jee-mars-R-win32-x86_64\eclipse\jre\lib\ext\sunmscapi.jar;L:\eclipse\eclipse-jee-mars-R-win32-x86_64\eclipse\jre\lib\ext\sunpkcs11.jar;L:\eclipse\eclipse-jee-mars-R-win32-x86_64\eclipse\jre\lib\ext\zipfs.jar;Y:\资料\java\workspace\Chat;Y:\资料\java\workspace\Chat\lib\sqljdbc42.jar
Launcher Type: SUN_STANDARD

Environment Variables:
JAVA_HOME=Y:\资料\java\eclipse-java-oxygen-1a-win32-x86_64\jdk\jre-9.0.1
CLASSPATH=.;Y:\资料\java\eclipse-java-oxygen-1a-win32-x86_64\jdk\jre-9.0.1\lib\dt.jar;Y:\资料\java\eclipse-java-oxygen-1a-win32-x86_64\jdk\jre-9.0.1\lib\tools.jar;
PATH=C:\ProgramData\Oracle\Java\javapath;C:\Program Files (x86)\NVIDIA Corporation\PhysX\Common;C:\Program Files (x86)\Intel\iCLS Client\;C:\Program Files\Intel\iCLS Client\;C:\Windows\system32;C:\Windows;C:\Windows\System32\Wbem;C:\Windows\System32\WindowsPowerShell\v1.0\;C:\Program Files\Intel\Intel(R) Management Engine Components\DAL;C:\Program Files\Intel\Intel(R) Management Engine Components\IPT;C:\Program Files (x86)\Intel\Intel(R) Management Engine Components\DAL;C:\Program Files (x86)\Intel\Intel(R) Management Engine Components\IPT;C:\Program Files\Microsoft\Web Platform Installer\;C:\Program Files (x86)\Microsoft ASP.NET\ASP.NET Web Pages\v1.0\;C:\Program Files\Microsoft SQL Server\110\Tools\Binn\;C:\Android;C:\Windows\System32;C:\Program Files (x86)\Autodesk\Backburner\;D:\资料\3dx max 2012\3dmax2012;C:\Program Files\Common Files\Autodesk Shared\;C:\Program Files (x86)\Windows Kits\8.1\Windows Performance Toolkit\;Y:\资料\java\eclipse-java-oxygen-1a-win32-x86_64\jdk\jre-9.0.1\bin;C:\Program Files\Microsoft SQL Server\110\DTS\Binn\;C:\Program Files (x86)\Microsoft SQL Server\110\Tools\Binn\;C:\Program Files (x86)\Microsoft SQL Server\110\Tools\Binn\ManagementStudio\;C:\Program Files (x86)\Microsoft SQL Server\110\DTS\Binn\;L:\MySQL\mysql-5.7.20-winx64\bin;%JAVA_HOME\bin;Y:\资料\java\eclipse-java-oxygen-1a-win32-x86_64\sqljdbc_6.0.8112.100_chs\sqljdbc_6.0\chs\jre8\sqljdbc42.jar;L:\Tools\WinNT;L:\MSDev98\Bin;L:\Tools;L:\VC98\bin;L:\ACM\MinGW\bin;
USERNAME=asus2
OS=Windows_NT
PROCESSOR_IDENTIFIER=Intel64 Family 6 Model 60 Stepping 3, GenuineIntel



---------------  S Y S T E M  ---------------

OS: Windows 8.1 , 64 bit Build 9600 (6.3.9600.17415)

CPU:total 4 (initial active 4) (2 cores per cpu, 2 threads per core) family 6 model 60 stepping 3, cmov, cx8, fxsr, mmx, sse, sse2, sse3, ssse3, sse4.1, sse4.2, popcnt, avx, avx2, aes, clmul, erms, lzcnt, ht, tsc, tscinvbit, bmi1, bmi2

Memory: 4k page, physical 4080544k(1353588k free), swap 6177696k(5948k free)

vm_info: Java HotSpot(TM) 64-Bit Server VM (25.144-b01) for windows-amd64 JRE (1.8.0_144-b01), built on Jul 21 2017 21:57:33 by "java_re" with MS VC++ 10.0 (VS2010)

time: Wed Dec 13 23:06:07 2017
elapsed time: 0 seconds (0d 0h 0m 0s)

